# JRE version: OpenJDK Runtime Environment (17.0.10) (build 17.0.10+0--11572160)
# Java VM: OpenJDK 64-Bit Server VM (17.0.10+0--11572160, mixed mode, tiered, compressed oops, compressed class ptrs, g1 gc, windows-amd64)
GC Precious Log:
 CPUs: 4 total, 4 available
 Memory: 3862M
 Large Page Support: Disabled
 NUMA Support: Disabled
 Compressed Oops: Enabled (32-bit)
 Heap Region Size: 1M
 Heap Min Capacity: 8M
 Heap Initial Capacity: 62M
 Heap Max Capacity: 2G
 Pre-touch: Disabled
 Parallel Workers: 4
 Concurrent Workers: 1
 Concurrent Refinement Workers: 4
 Periodic GC: Disabled
Heap:
 garbage-first heap   total 501760K, used 128907K [0x0000000080000000, 0x0000000100000000)
  region size 1024K, 3 young (3072K), 3 survivors (3072K)
 Metaspace       used 110664K, committed 111488K, reserved 1179648K
  class space    used 15174K, committed 15552K, reserved 1048576K
GC Heap History (20 events):
Event: 200.515 GC heap after
{Heap after GC invocations=43 (full 0):
 garbage-first heap   total 501760K, used 112162K [0x0000000080000000, 0x0000000100000000)
  region size 1024K, 4 young (4096K), 4 survivors (4096K)
 Metaspace       used 101242K, committed 101952K, reserved 1179648K
  class space    used 14127K, committed 14464K, reserved 1048576K
}
Event: 205.211 GC heap before
{Heap before GC invocations=43 (full 0):
 garbage-first heap   total 501760K, used 150050K [0x0000000080000000, 0x0000000100000000)
  region size 1024K, 34 young (34816K), 4 survivors (4096K)
 Metaspace       used 103143K, committed 103936K, reserved 1179648K
  class space    used 14267K, committed 14656K, reserved 1048576K
}
Event: 205.282 GC heap after
{Heap after GC invocations=44 (full 0):
 garbage-first heap   total 501760K, used 120238K [0x0000000080000000, 0x0000000100000000)
  region size 1024K, 5 young (5120K), 5 survivors (5120K)
 Metaspace       used 103143K, committed 103936K, reserved 1179648K
  class space    used 14267K, committed 14656K, reserved 1048576K
}
Event: 206.435 GC heap before
{Heap before GC invocations=44 (full 0):
 garbage-first heap   total 501760K, used 141742K [0x0000000080000000, 0x0000000100000000)
  region size 1024K, 27 young (27648K), 5 survivors (5120K)
 Metaspace       used 104060K, committed 104832K, reserved 1179648K
  class space    used 14373K, committed 14720K, reserved 1048576K
}
Event: 206.493 GC heap after
{Heap after GC invocations=45 (full 0):
 garbage-first heap   total 501760K, used 131723K [0x0000000080000000, 0x0000000100000000)
  region size 1024K, 4 young (4096K), 4 survivors (4096K)
 Metaspace       used 104060K, committed 104832K, reserved 1179648K
  class space    used 14373K, committed 14720K, reserved 1048576K
}
Event: 207.360 GC heap before
{Heap before GC invocations=45 (full 0):
 garbage-first heap   total 501760K, used 152203K [0x0000000080000000, 0x0000000100000000)
  region size 1024K, 24 young (24576K), 4 survivors (4096K)
 Metaspace       used 104649K, committed 105344K, reserved 1179648K
  class space    used 14444K, committed 14784K, reserved 1048576K
}
Event: 207.386 GC heap after
{Heap after GC invocations=46 (full 0):
 garbage-first heap   total 501760K, used 133965K [0x0000000080000000, 0x0000000100000000)
  region size 1024K, 1 young (1024K), 1 survivors (1024K)
 Metaspace       used 104649K, committed 105344K, reserved 1179648K
  class space    used 14444K, committed 14784K, reserved 1048576K
}
Event: 208.914 GC heap before
{Heap before GC invocations=46 (full 0):
 garbage-first heap   total 501760K, used 156493K [0x0000000080000000, 0x0000000100000000)
  region size 1024K, 24 young (24576K), 1 survivors (1024K)
 Metaspace       used 106905K, committed 107648K, reserved 1179648K
  class space    used 14728K, committed 15104K, reserved 1048576K
}
Event: 208.940 GC heap after
{Heap after GC invocations=47 (full 0):
 garbage-first heap   total 501760K, used 142944K [0x0000000080000000, 0x0000000100000000)
  region size 1024K, 3 young (3072K), 3 survivors (3072K)
 Metaspace       used 106905K, committed 107648K, reserved 1179648K
  class space    used 14728K, committed 15104K, reserved 1048576K
}
Event: 209.969 GC heap before
{Heap before GC invocations=47 (full 0):
 garbage-first heap   total 501760K, used 179808K [0x0000000080000000, 0x0000000100000000)
  region size 1024K, 13 young (13312K), 3 survivors (3072K)
 Metaspace       used 107396K, committed 108096K, reserved 1179648K
  class space    used 14790K, committed 15104K, reserved 1048576K
}
Event: 210.047 GC heap after
{Heap after GC invocations=48 (full 0):
 garbage-first heap   total 501760K, used 144781K [0x0000000080000000, 0x0000000100000000)
  region size 1024K, 2 young (2048K), 2 survivors (2048K)
 Metaspace       used 107396K, committed 108096K, reserved 1179648K
  class space    used 14790K, committed 15104K, reserved 1048576K
}
Event: 231.592 GC heap before
{Heap before GC invocations=48 (full 0):
 garbage-first heap   total 501760K, used 163213K [0x0000000080000000, 0x0000000100000000)
  region size 1024K, 24 young (24576K), 2 survivors (2048K)
 Metaspace       used 108913K, committed 109696K, reserved 1179648K
  class space    used 14948K, committed 15360K, reserved 1048576K
}
Event: 231.854 GC heap after
{Heap after GC invocations=49 (full 0):
 garbage-first heap   total 501760K, used 143340K [0x0000000080000000, 0x0000000100000000)
  region size 1024K, 3 young (3072K), 3 survivors (3072K)
 Metaspace       used 108913K, committed 109696K, reserved 1179648K
  class space    used 14948K, committed 15360K, reserved 1048576K
}
Event: 248.859 GC heap before
{Heap before GC invocations=50 (full 0):
 garbage-first heap   total 501760K, used 163820K [0x0000000080000000, 0x0000000100000000)
  region size 1024K, 24 young (24576K), 3 survivors (3072K)
 Metaspace       used 109410K, committed 110208K, reserved 1179648K
  class space    used 15014K, committed 15424K, reserved 1048576K
}
Event: 249.223 GC heap after
{Heap after GC invocations=51 (full 0):
 garbage-first heap   total 501760K, used 145470K [0x0000000080000000, 0x0000000100000000)
  region size 1024K, 3 young (3072K), 3 survivors (3072K)
 Metaspace       used 109410K, committed 110208K, reserved 1179648K
  class space    used 15014K, committed 15424K, reserved 1048576K
}
Event: 251.023 GC heap before
{Heap before GC invocations=51 (full 0):
 garbage-first heap   total 501760K, used 165950K [0x0000000080000000, 0x0000000100000000)
  region size 1024K, 24 young (24576K), 3 survivors (3072K)
 Metaspace       used 109416K, committed 110208K, reserved 1179648K
  class space    used 15014K, committed 15424K, reserved 1048576K
}
Event: 251.110 GC heap after
{Heap after GC invocations=52 (full 0):
 garbage-first heap   total 501760K, used 142819K [0x0000000080000000, 0x0000000100000000)
  region size 1024K, 3 young (3072K), 3 survivors (3072K)
 Metaspace       used 109416K, committed 110208K, reserved 1179648K
  class space    used 15014K, committed 15424K, reserved 1048576K
}
Event: 253.593 GC heap before
{Heap before GC invocations=52 (full 0):
 garbage-first heap   total 501760K, used 163299K [0x0000000080000000, 0x0000000100000000)
  region size 1024K, 24 young (24576K), 3 survivors (3072K)
 Metaspace       used 109674K, committed 110464K, reserved 1179648K
  class space    used 15046K, committed 15424K, reserved 1048576K
}
Event: 253.680 GC heap after
{Heap after GC invocations=53 (full 0):
 garbage-first heap   total 501760K, used 145590K [0x0000000080000000, 0x0000000100000000)
  region size 1024K, 3 young (3072K), 3 survivors (3072K)
 Metaspace       used 109674K, committed 110464K, reserved 1179648K
  class space    used 15046K, committed 15424K, reserved 1048576K
}
Event: 256.151 GC heap before
{Heap before GC invocations=53 (full 0):
 garbage-first heap   total 491520K, used 147638K [0x0000000080000000, 0x0000000100000000)
  region size 1024K, 24 young (24576K), 3 survivors (3072K)
 Metaspace       used 110664K, committed 111488K, reserved 1179648K
  class space    used 15174K, committed 15552K, reserved 1048576K
}

